  FontManager.cpp
  FrameManager.cpp
  GlobalConst.cpp
  ButtonWidget.cpp
  GUIManager.cpp
..\..\src\FontManager\FontManager.cpp(250): warning C4018: '<': signed/unsigned mismatch
  KeyboardWidget.cpp
  NewGuiManager.cpp
  WidgetXmlParsers.cpp
  RenderMisc.cpp
..\..\src\GUIManager\NewGuiManager.cpp(187): warning C4244: 'return': conversion from 'unsigned int' to 'float', possible loss of data
..\..\src\GUIManager\NewGuiManager.cpp(194): warning C4244: 'return': conversion from 'unsigned int' to 'float', possible loss of data
..\..\src\GUIManager\NewGuiManager.cpp(1542): warning C4244: 'return': conversion from 'int' to 'float', possible loss of data
..\..\src\GUIManager\NewGuiManager.cpp(2166): warning C4101: 'castError': unreferenced local variable
  RenderParams.cpp
C:\Work\AndroidStudioProjects\boost_1_63_0\boost/variant/variant.hpp(1046): warning C4244: 'return': conversion from 'float' to 'unsigned int', possible loss of data (compiling source file ..\..\src\GUIManager\NewGuiManager.cpp)
  C:\Work\AndroidStudioProjects\boost_1_63_0\boost/variant/detail/visitation_impl.hpp(114): note: see reference to function template instantiation 'unsigned int boost::detail::variant::invoke_visitor<Visitor>::internal_visit<const T>(T &,int)' being compiled
          with
          [
              Visitor=SE::detail::Visitor<std::R_t,SE::WidgetAncestor::innerWidth::<lambda_6855a56759c005508372738e710d34c0>,SE::WidgetAncestor::innerWidth::<lambda_1a9e49ee98dca3471cb7a10b639a2328>>,
              T=T1
          ] (compiling source file ..\..\src\GUIManager\NewGuiManager.cpp)
  C:\Work\AndroidStudioProjects\boost_1_63_0\boost/variant/detail/visitation_impl.hpp(112): note: see reference to function template instantiation 'unsigned int boost::detail::variant::invoke_visitor<Visitor>::internal_visit<const T>(T &,int)' being compiled
          with
          [
              Visitor=SE::detail::Visitor<std::R_t,SE::WidgetAncestor::innerWidth::<lambda_6855a56759c005508372738e710d34c0>,SE::WidgetAncestor::innerWidth::<lambda_1a9e49ee98dca3471cb7a10b639a2328>>,
              T=T1
          ] (compiling source file ..\..\src\GUIManager\NewGuiManager.cpp)
  C:\Work\AndroidStudioProjects\boost_1_63_0\boost/variant/detail/visitation_impl.hpp(157): note: see reference to function template instantiation 'unsigned int boost::detail::variant::visitation_impl_invoke_impl<Visitor,VoidPtrCV,T>(int,Visitor &,VoidPtrCV,T *,boost::mpl::true_)' being compiled
          with
          [
              Visitor=boost::detail::variant::invoke_visitor<const SE::detail::Visitor<std::R_t,SE::WidgetAncestor::innerWidth::<lambda_6855a56759c005508372738e710d34c0>,SE::WidgetAncestor::innerWidth::<lambda_1a9e49ee98dca3471cb7a10b639a2328>>>,
              VoidPtrCV=const void *,
              T=T1
          ] (compiling source file ..\..\src\GUIManager\NewGuiManager.cpp)
  C:\Work\AndroidStudioProjects\boost_1_63_0\boost/variant/detail/visitation_impl.hpp(238): note: see reference to function template instantiation 'unsigned int boost::detail::variant::visitation_impl_invoke<Visitor,VoidPtrCV,T1,NoBackupFlag>(int,Visitor &,VoidPtrCV,T *,NoBackupFlag,int)' being compiled
          with
          [
              Visitor=boost::detail::variant::invoke_visitor<const SE::detail::Visitor<std::R_t,SE::WidgetAncestor::innerWidth::<lambda_6855a56759c005508372738e710d34c0>,SE::WidgetAncestor::innerWidth::<lambda_1a9e49ee98dca3471cb7a10b639a2328>>>,
              VoidPtrCV=const void *,
              NoBackupFlag=boost::variant<std::string,Eigen::Vector4f,boost::detail::variant::void_,boost::detail::variant::void_,boost::detail::variant::void_,boost::detail::variant::void_,boost::detail::variant::void_,boost::detail::variant::void_,boost::detail::variant::void_,boost::detail::variant::void_,boost::detail::variant::void_,boost::detail::variant::void_,boost::detail::variant::void_,boost::detail::variant::void_,boost::detail::variant::void_,boost::detail::variant::void_,boost::detail::variant::void_,boost::detail::variant::void_,boost::detail::variant::void_,boost::detail::variant::void_>::has_fallback_type_,
              T=T1
          ] (compiling source file ..\..\src\GUIManager\NewGuiManager.cpp)
  C:\Work\AndroidStudioProjects\boost_1_63_0\boost/variant/variant.hpp(2389): note: see reference to function template instantiation 'unsigned int boost::detail::variant::visitation_impl<first_which,first_step,Visitor,VoidPtrCV,boost::variant<std::string,Eigen::Vector4f,boost::detail::variant::void_,boost::detail::variant::void_,boost::detail::variant::void_,boost::detail::variant::void_,boost::detail::variant::void_,boost::detail::variant::void_,boost::detail::variant::void_,boost::detail::variant::void_,boost::detail::variant::void_,boost::detail::variant::void_,boost::detail::variant::void_,boost::detail::variant::void_,boost::detail::variant::void_,boost::detail::variant::void_,boost::detail::variant::void_,boost::detail::variant::void_,boost::detail::variant::void_,boost::detail::variant::void_>::has_fallback_type_>(const int,const int,Visitor &,VoidPtrCV,boost::mpl::false_,NoBackupFlag,Which *,step0 *)' being compiled
          with
          [
              Visitor=boost::detail::variant::invoke_visitor<const SE::detail::Visitor<std::R_t,SE::WidgetAncestor::innerWidth::<lambda_6855a56759c005508372738e710d34c0>,SE::WidgetAncestor::innerWidth::<lambda_1a9e49ee98dca3471cb7a10b639a2328>>>,
              VoidPtrCV=const void *,
              NoBackupFlag=boost::variant<std::string,Eigen::Vector4f,boost::detail::variant::void_,boost::detail::variant::void_,boost::detail::variant::void_,boost::detail::variant::void_,boost::detail::variant::void_,boost::detail::variant::void_,boost::detail::variant::void_,boost::detail::variant::void_,boost::detail::variant::void_,boost::detail::variant::void_,boost::detail::variant::void_,boost::detail::variant::void_,boost::detail::variant::void_,boost::detail::variant::void_,boost::detail::variant::void_,boost::detail::variant::void_,boost::detail::variant::void_,boost::detail::variant::void_>::has_fallback_type_,
              Which=first_which,
              step0=first_step
          ] (compiling source file ..\..\src\GUIManager\NewGuiManager.cpp)
  C:\Work\AndroidStudioProjects\boost_1_63_0\boost/variant/variant.hpp(2411): note: see reference to function template instantiation 'unsigned int boost::variant<std::string,Eigen::Vector4f,boost::detail::variant::void_,boost::detail::variant::void_,boost::detail::variant::void_,boost::detail::variant::void_,boost::detail::variant::void_,boost::detail::variant::void_,boost::detail::variant::void_,boost::detail::variant::void_,boost::detail::variant::void_,boost::detail::variant::void_,boost::detail::variant::void_,boost::detail::variant::void_,boost::detail::variant::void_,boost::detail::variant::void_,boost::detail::variant::void_,boost::detail::variant::void_,boost::detail::variant::void_,boost::detail::variant::void_>::internal_apply_visitor_impl<Visitor,const void*>(int,int,Visitor &,VoidPtrCV)' being compiled
          with
          [
              Visitor=boost::detail::variant::invoke_visitor<const SE::detail::Visitor<std::R_t,SE::WidgetAncestor::innerWidth::<lambda_6855a56759c005508372738e710d34c0>,SE::WidgetAncestor::innerWidth::<lambda_1a9e49ee98dca3471cb7a10b639a2328>>>,
              VoidPtrCV=const void *
          ] (compiling source file ..\..\src\GUIManager\NewGuiManager.cpp)
  C:\Work\AndroidStudioProjects\boost_1_63_0\boost/variant/variant.hpp(2409): note: see reference to function template instantiation 'unsigned int boost::variant<std::string,Eigen::Vector4f,boost::detail::variant::void_,boost::detail::variant::void_,boost::detail::variant::void_,boost::detail::variant::void_,boost::detail::variant::void_,boost::detail::variant::void_,boost::detail::variant::void_,boost::detail::variant::void_,boost::detail::variant::void_,boost::detail::variant::void_,boost::detail::variant::void_,boost::detail::variant::void_,boost::detail::variant::void_,boost::detail::variant::void_,boost::detail::variant::void_,boost::detail::variant::void_,boost::detail::variant::void_,boost::detail::variant::void_>::internal_apply_visitor_impl<Visitor,const void*>(int,int,Visitor &,VoidPtrCV)' being compiled
          with
          [
              Visitor=boost::detail::variant::invoke_visitor<const SE::detail::Visitor<std::R_t,SE::WidgetAncestor::innerWidth::<lambda_6855a56759c005508372738e710d34c0>,SE::WidgetAncestor::innerWidth::<lambda_1a9e49ee98dca3471cb7a10b639a2328>>>,
              VoidPtrCV=const void *
          ] (compiling source file ..\..\src\GUIManager\NewGuiManager.cpp)
  C:\Work\AndroidStudioProjects\boost_1_63_0\boost/variant/variant.hpp(2433): note: see reference to function template instantiation 'unsigned int boost::variant<std::string,Eigen::Vector4f,boost::detail::variant::void_,boost::detail::variant::void_,boost::detail::variant::void_,boost::detail::variant::void_,boost::detail::variant::void_,boost::detail::variant::void_,boost::detail::variant::void_,boost::detail::variant::void_,boost::detail::variant::void_,boost::detail::variant::void_,boost::detail::variant::void_,boost::detail::variant::void_,boost::detail::variant::void_,boost::detail::variant::void_,boost::detail::variant::void_,boost::detail::variant::void_,boost::detail::variant::void_,boost::detail::variant::void_>::internal_apply_visitor<boost::detail::variant::invoke_visitor<Visitor>>(boost::detail::variant::invoke_visitor<Visitor> &) const' being compiled
          with
          [
              Visitor=SE::detail::Visitor<std::R_t,SE::WidgetAncestor::innerWidth::<lambda_6855a56759c005508372738e710d34c0>,SE::WidgetAncestor::innerWidth::<lambda_1a9e49ee98dca3471cb7a10b639a2328>>
          ] (compiling source file ..\..\src\GUIManager\NewGuiManager.cpp)
  C:\Work\AndroidStudioProjects\boost_1_63_0\boost/variant/variant.hpp(2433): note: see reference to function template instantiation 'unsigned int boost::variant<std::string,Eigen::Vector4f,boost::detail::variant::void_,boost::detail::variant::void_,boost::detail::variant::void_,boost::detail::variant::void_,boost::detail::variant::void_,boost::detail::variant::void_,boost::detail::variant::void_,boost::detail::variant::void_,boost::detail::variant::void_,boost::detail::variant::void_,boost::detail::variant::void_,boost::detail::variant::void_,boost::detail::variant::void_,boost::detail::variant::void_,boost::detail::variant::void_,boost::detail::variant::void_,boost::detail::variant::void_,boost::detail::variant::void_>::internal_apply_visitor<boost::detail::variant::invoke_visitor<Visitor>>(boost::detail::variant::invoke_visitor<Visitor> &) const' being compiled
          with
          [
              Visitor=SE::detail::Visitor<std::R_t,SE::WidgetAncestor::innerWidth::<lambda_6855a56759c005508372738e710d34c0>,SE::WidgetAncestor::innerWidth::<lambda_1a9e49ee98dca3471cb7a10b639a2328>>
          ] (compiling source file ..\..\src\GUIManager\NewGuiManager.cpp)
  C:\Work\AndroidStudioProjects\boost_1_63_0\boost/variant/detail/apply_visitor_unary.hpp(84): note: see reference to function template instantiation 'unsigned int boost::variant<std::string,Eigen::Vector4f,boost::detail::variant::void_,boost::detail::variant::void_,boost::detail::variant::void_,boost::detail::variant::void_,boost::detail::variant::void_,boost::detail::variant::void_,boost::detail::variant::void_,boost::detail::variant::void_,boost::detail::variant::void_,boost::detail::variant::void_,boost::detail::variant::void_,boost::detail::variant::void_,boost::detail::variant::void_,boost::detail::variant::void_,boost::detail::variant::void_,boost::detail::variant::void_,boost::detail::variant::void_,boost::detail::variant::void_>::apply_visitor<const Visitor>(Visitor &) const' being compiled
          with
          [
              Visitor=SE::detail::Visitor<std::R_t,SE::WidgetAncestor::innerWidth::<lambda_6855a56759c005508372738e710d34c0>,SE::WidgetAncestor::innerWidth::<lambda_1a9e49ee98dca3471cb7a10b639a2328>>
          ] (compiling source file ..\..\src\GUIManager\NewGuiManager.cpp)
  C:\Work\AndroidStudioProjects\boost_1_63_0\boost/variant/detail/apply_visitor_unary.hpp(84): note: see reference to function template instantiation 'unsigned int boost::variant<std::string,Eigen::Vector4f,boost::detail::variant::void_,boost::detail::variant::void_,boost::detail::variant::void_,boost::detail::variant::void_,boost::detail::variant::void_,boost::detail::variant::void_,boost::detail::variant::void_,boost::detail::variant::void_,boost::detail::variant::void_,boost::detail::variant::void_,boost::detail::variant::void_,boost::detail::variant::void_,boost::detail::variant::void_,boost::detail::variant::void_,boost::detail::variant::void_,boost::detail::variant::void_,boost::detail::variant::void_,boost::detail::variant::void_>::apply_visitor<const Visitor>(Visitor &) const' being compiled
          with
          [
              Visitor=SE::detail::Visitor<std::R_t,SE::WidgetAncestor::innerWidth::<lambda_6855a56759c005508372738e710d34c0>,SE::WidgetAncestor::innerWidth::<lambda_1a9e49ee98dca3471cb7a10b639a2328>>
          ] (compiling source file ..\..\src\GUIManager\NewGuiManager.cpp)
  ..\..\src\GUIManager\NewGuiManager.cpp(39): note: see reference to function template instantiation 'unsigned int boost::apply_visitor<SE::detail::Visitor<std::R_t,SE::WidgetAncestor::innerWidth::<lambda_6855a56759c005508372738e710d34c0>,SE::WidgetAncestor::innerWidth::<lambda_1a9e49ee98dca3471cb7a10b639a2328>>,const boost::variant<std::string,Eigen::Vector4f,boost::detail::variant::void_,boost::detail::variant::void_,boost::detail::variant::void_,boost::detail::variant::void_,boost::detail::variant::void_,boost::detail::variant::void_,boost::detail::variant::void_,boost::detail::variant::void_,boost::detail::variant::void_,boost::detail::variant::void_,boost::detail::variant::void_,boost::detail::variant::void_,boost::detail::variant::void_,boost::detail::variant::void_,boost::detail::variant::void_,boost::detail::variant::void_,boost::detail::variant::void_,boost::detail::variant::void_>>(const Visitor &,Visitable &)' being compiled
          with
          [
              Visitor=SE::detail::Visitor<std::R_t,SE::WidgetAncestor::innerWidth::<lambda_6855a56759c005508372738e710d34c0>,SE::WidgetAncestor::innerWidth::<lambda_1a9e49ee98dca3471cb7a10b639a2328>>,
              Visitable=const boost::variant<std::string,Eigen::Vector4f,boost::detail::variant::void_,boost::detail::variant::void_,boost::detail::variant::void_,boost::detail::variant::void_,boost::detail::variant::void_,boost::detail::variant::void_,boost::detail::variant::void_,boost::detail::variant::void_,boost::detail::variant::void_,boost::detail::variant::void_,boost::detail::variant::void_,boost::detail::variant::void_,boost::detail::variant::void_,boost::detail::variant::void_,boost::detail::variant::void_,boost::detail::variant::void_,boost::detail::variant::void_,boost::detail::variant::void_>
          ]
  ..\..\src\GUIManager\NewGuiManager.cpp(187): note: see reference to function template instantiation 'unsigned int SE::Visit<std::string,Eigen::Vector4f,boost::detail::variant::void_,boost::detail::variant::void_,boost::detail::variant::void_,boost::detail::variant::void_,boost::detail::variant::void_,boost::detail::variant::void_,boost::detail::variant::void_,boost::detail::variant::void_,boost::detail::variant::void_,boost::detail::variant::void_,boost::detail::variant::void_,boost::detail::variant::void_,boost::detail::variant::void_,boost::detail::variant::void_,boost::detail::variant::void_,boost::detail::variant::void_,boost::detail::variant::void_,boost::detail::variant::void_,SE::WidgetAncestor::innerWidth::<lambda_6855a56759c005508372738e710d34c0>,SE::WidgetAncestor::innerWidth::<lambda_1a9e49ee98dca3471cb7a10b639a2328>>(const boost::variant<std::string,Eigen::Vector4f,boost::detail::variant::void_,boost::detail::variant::void_,boost::detail::variant::void_,boost::detail::variant::void_,boost::detail::variant::void_,boost::detail::variant::void_,boost::detail::variant::void_,boost::detail::variant::void_,boost::detail::variant::void_,boost::detail::variant::void_,boost::detail::variant::void_,boost::detail::variant::void_,boost::detail::variant::void_,boost::detail::variant::void_,boost::detail::variant::void_,boost::detail::variant::void_,boost::detail::variant::void_,boost::detail::variant::void_> &,SE::WidgetAncestor::innerWidth::<lambda_6855a56759c005508372738e710d34c0> &&,SE::WidgetAncestor::innerWidth::<lambda_1a9e49ee98dca3471cb7a10b639a2328> &&)' being compiled
  C:\Work\AndroidStudioProjects\boost_1_63_0\boost/bind/placeholders.hpp(54): note: see reference to class template instantiation 'boost::arg<9>' being compiled (compiling source file ..\..\src\GUIManager\NewGuiManager.cpp)
  C:\Work\AndroidStudioProjects\boost_1_63_0\boost/bind/placeholders.hpp(53): note: see reference to class template instantiation 'boost::arg<8>' being compiled (compiling source file ..\..\src\GUIManager\NewGuiManager.cpp)
  C:\Work\AndroidStudioProjects\boost_1_63_0\boost/bind/placeholders.hpp(52): note: see reference to class template instantiation 'boost::arg<7>' being compiled (compiling source file ..\..\src\GUIManager\NewGuiManager.cpp)
  C:\Work\AndroidStudioProjects\boost_1_63_0\boost/bind/placeholders.hpp(51): note: see reference to class template instantiation 'boost::arg<6>' being compiled (compiling source file ..\..\src\GUIManager\NewGuiManager.cpp)
  C:\Work\AndroidStudioProjects\boost_1_63_0\boost/bind/placeholders.hpp(50): note: see reference to class template instantiation 'boost::arg<5>' being compiled (compiling source file ..\..\src\GUIManager\NewGuiManager.cpp)
  C:\Work\AndroidStudioProjects\boost_1_63_0\boost/bind/placeholders.hpp(49): note: see reference to class template instantiation 'boost::arg<4>' being compiled (compiling source file ..\..\src\GUIManager\NewGuiManager.cpp)
  C:\Work\AndroidStudioProjects\boost_1_63_0\boost/bind/placeholders.hpp(48): note: see reference to class template instantiation 'boost::arg<3>' being compiled (compiling source file ..\..\src\GUIManager\NewGuiManager.cpp)
  C:\Work\AndroidStudioProjects\boost_1_63_0\boost/bind/placeholders.hpp(47): note: see reference to class template instantiation 'boost::arg<2>' being compiled (compiling source file ..\..\src\GUIManager\NewGuiManager.cpp)
  C:\Work\AndroidStudioProjects\boost_1_63_0\boost/bind/placeholders.hpp(46): note: see reference to class template instantiation 'boost::arg<1>' being compiled (compiling source file ..\..\src\GUIManager\NewGuiManager.cpp)
  Cameras.cpp
  SalmonRenderGLES20.cpp
  SalmonRenderInterface.cpp
  SalmonRenderWindowsUniversal.cpp
  SalmonEngineInterface.cpp
  SalmonEngineWindowsUniversal.cpp
  ShaderManager.cpp
  SmartValueManager.cpp
..\..\src\ShaderManager\ShaderManager.cpp(94): warning C4101: 'dummyType': unreferenced local variable
  SalmonTexture.cpp
  Console.cpp
  DataTypes.cpp
..\..\src\Utils\DataTypes\DataTypes.cpp(479): warning C4333: '>>': right shift by too large amount, data loss
  FileUtils.cpp
  JpegHelper.cpp
  PngHelper.cpp
  SerializeInterface.cpp
  SimpleTimer.cpp
  TgaLoader.cpp
  ThreadUtils.cpp
  WinApi.cpp
  Engine.vcxproj -> C:\Work\AndroidStudioProjects\tes-demo\proj.windows-universal\Release\Engine\Engine.lib
